[debug] [2025-07-05T18:06:23.942Z] ----------------------------------------------------------------------
[debug] [2025-07-05T18:06:23.944Z] Command:       C:\Program Files\nodejs\node.exe C:\Users\lmcre\AppData\Roaming\npm\node_modules\firebase-tools\lib\bin\firebase.js deploy --only hosting
[debug] [2025-07-05T18:06:23.945Z] CLI Version:   14.9.0
[debug] [2025-07-05T18:06:23.945Z] Platform:      win32
[debug] [2025-07-05T18:06:23.945Z] Node Version:  v20.5.1
[debug] [2025-07-05T18:06:23.945Z] Time:          Sat Jul 05 2025 19:06:23 GMT+0100 (British Summer Time)
[debug] [2025-07-05T18:06:23.945Z] ----------------------------------------------------------------------
[debug] 
[debug] [2025-07-05T18:06:24.210Z] > command requires scopes: ["email","openid","https://www.googleapis.com/auth/cloudplatformprojects.readonly","https://www.googleapis.com/auth/firebase","https://www.googleapis.com/auth/cloud-platform"]
[debug] [2025-07-05T18:06:24.211Z] > authorizing via signed-in user (lmcrean@gmail.com)
[debug] [2025-07-05T18:06:24.211Z] [iam] checking project lauriecrean-free-38256 for permissions ["firebase.projects.get","firebasehosting.sites.update"]
[debug] [2025-07-05T18:06:24.212Z] Checked if tokens are valid: true, expires at: 1751742346536
[debug] [2025-07-05T18:06:24.212Z] Checked if tokens are valid: true, expires at: 1751742346536
[debug] [2025-07-05T18:06:24.213Z] >>> [apiv2][query] POST https://cloudresourcemanager.googleapis.com/v1/projects/lauriecrean-free-38256:testIamPermissions [none]
[debug] [2025-07-05T18:06:24.213Z] >>> [apiv2][(partial)header] POST https://cloudresourcemanager.googleapis.com/v1/projects/lauriecrean-free-38256:testIamPermissions x-goog-quota-user=projects/lauriecrean-free-38256
[debug] [2025-07-05T18:06:24.213Z] >>> [apiv2][body] POST https://cloudresourcemanager.googleapis.com/v1/projects/lauriecrean-free-38256:testIamPermissions {"permissions":["firebase.projects.get","firebasehosting.sites.update"]}
[debug] [2025-07-05T18:06:24.875Z] <<< [apiv2][status] POST https://cloudresourcemanager.googleapis.com/v1/projects/lauriecrean-free-38256:testIamPermissions 200
[debug] [2025-07-05T18:06:24.875Z] <<< [apiv2][body] POST https://cloudresourcemanager.googleapis.com/v1/projects/lauriecrean-free-38256:testIamPermissions {"permissions":["firebase.projects.get","firebasehosting.sites.update"]}
[debug] [2025-07-05T18:06:24.876Z] Checked if tokens are valid: true, expires at: 1751742346536
[debug] [2025-07-05T18:06:24.876Z] Checked if tokens are valid: true, expires at: 1751742346536
[debug] [2025-07-05T18:06:24.876Z] >>> [apiv2][query] GET https://firebase.googleapis.com/v1beta1/projects/lauriecrean-free-38256 [none]
[debug] [2025-07-05T18:06:26.691Z] <<< [apiv2][status] GET https://firebase.googleapis.com/v1beta1/projects/lauriecrean-free-38256 404
[debug] [2025-07-05T18:06:26.691Z] <<< [apiv2][body] GET https://firebase.googleapis.com/v1beta1/projects/lauriecrean-free-38256 {"error":{"code":404,"message":"Requested entity was not found.","status":"NOT_FOUND"}}
[debug] [2025-07-05T18:06:26.692Z] Couldn't get project info from firedata for lauriecrean-free-38256, trying resource manager. Original error: FirebaseError: Request to https://firebase.googleapis.com/v1beta1/projects/lauriecrean-free-38256 had HTTP Error: 404, Requested entity was not found.
[debug] [2025-07-05T18:06:26.693Z] Checked if tokens are valid: true, expires at: 1751742346536
[debug] [2025-07-05T18:06:26.693Z] Checked if tokens are valid: true, expires at: 1751742346536
[debug] [2025-07-05T18:06:26.693Z] >>> [apiv2][query] GET https://serviceusage.googleapis.com/v1/projects/lauriecrean-free-38256/services/cloudresourcemanager.googleapis.com [none]
[debug] [2025-07-05T18:06:26.693Z] >>> [apiv2][(partial)header] GET https://serviceusage.googleapis.com/v1/projects/lauriecrean-free-38256/services/cloudresourcemanager.googleapis.com x-goog-quota-user=projects/lauriecrean-free-38256
[debug] [2025-07-05T18:06:27.672Z] <<< [apiv2][status] GET https://serviceusage.googleapis.com/v1/projects/lauriecrean-free-38256/services/cloudresourcemanager.googleapis.com 200
[debug] [2025-07-05T18:06:27.673Z] <<< [apiv2][body] GET https://serviceusage.googleapis.com/v1/projects/lauriecrean-free-38256/services/cloudresourcemanager.googleapis.com [omitted]
[debug] [2025-07-05T18:06:27.678Z] Checked if tokens are valid: true, expires at: 1751742346536
[debug] [2025-07-05T18:06:27.678Z] Checked if tokens are valid: true, expires at: 1751742346536
[debug] [2025-07-05T18:06:27.678Z] >>> [apiv2][query] GET https://cloudresourcemanager.googleapis.com/v1/projects/lauriecrean-free-38256 [none]
[debug] [2025-07-05T18:06:27.847Z] <<< [apiv2][status] GET https://cloudresourcemanager.googleapis.com/v1/projects/lauriecrean-free-38256 200
[debug] [2025-07-05T18:06:27.847Z] <<< [apiv2][body] GET https://cloudresourcemanager.googleapis.com/v1/projects/lauriecrean-free-38256 {"projectNumber":"329000596728","projectId":"lauriecrean-free-38256","lifecycleState":"ACTIVE","name":"Laurie Crean Portfolio","createTime":"2025-07-05T17:57:40.446269Z"}
[debug] [2025-07-05T18:06:27.847Z] the default site does not exist on the Firebase project; asking Hosting.
[debug] [2025-07-05T18:06:27.848Z] Checked if tokens are valid: true, expires at: 1751742346536
[debug] [2025-07-05T18:06:27.848Z] Checked if tokens are valid: true, expires at: 1751742346536
[debug] [2025-07-05T18:06:27.849Z] >>> [apiv2][query] GET https://firebasehosting.googleapis.com/v1beta1/projects/lauriecrean-free-38256/sites pageToken=&pageSize=10
[debug] [2025-07-05T18:06:28.846Z] <<< [apiv2][status] GET https://firebasehosting.googleapis.com/v1beta1/projects/lauriecrean-free-38256/sites 404
[debug] [2025-07-05T18:06:28.846Z] <<< [apiv2][body] GET https://firebasehosting.googleapis.com/v1beta1/projects/lauriecrean-free-38256/sites {"error":{"code":404,"message":"Requested entity was not found.","status":"NOT_FOUND"}}
[error] 
[error] Error: Assertion failed: resolving hosting target of a site with no site name or target name. This should have caused an error earlier
[debug] [2025-07-05T18:07:08.679Z] ----------------------------------------------------------------------
[debug] [2025-07-05T18:07:08.681Z] Command:       C:\Program Files\nodejs\node.exe C:\Users\lmcre\AppData\Roaming\npm\node_modules\firebase-tools\lib\bin\firebase.js init hosting --project lauriecrean-free-38256
[debug] [2025-07-05T18:07:08.682Z] CLI Version:   14.9.0
[debug] [2025-07-05T18:07:08.682Z] Platform:      win32
[debug] [2025-07-05T18:07:08.682Z] Node Version:  v20.5.1
[debug] [2025-07-05T18:07:08.682Z] Time:          Sat Jul 05 2025 19:07:08 GMT+0100 (British Summer Time)
[debug] [2025-07-05T18:07:08.682Z] ----------------------------------------------------------------------
[debug] 
[debug] [2025-07-05T18:07:08.854Z] > command requires scopes: ["email","openid","https://www.googleapis.com/auth/cloudplatformprojects.readonly","https://www.googleapis.com/auth/firebase","https://www.googleapis.com/auth/cloud-platform"]
[debug] [2025-07-05T18:07:08.854Z] > authorizing via signed-in user (lmcrean@gmail.com)
[info] 
     ######## #### ########  ######## ########     ###     ######  ########
     ##        ##  ##     ## ##       ##     ##  ##   ##  ##       ##
     ######    ##  ########  ######   ########  #########  ######  ######
     ##        ##  ##    ##  ##       ##     ## ##     ##       ## ##
     ##       #### ##     ## ######## ########  ##     ##  ######  ########

You're about to initialize a Firebase project in this directory:

  C:\Projects\lauriecrean\apps\web

Before we get started, keep in mind:

  * You are currently outside your home directory
  * You are initializing within an existing Firebase project directory

[info] 
=== Project Setup
[info] 
[info] First, let's associate this project directory with a Firebase project.
[info] You can create multiple project aliases by running firebase use --add, 
[info] but for now we'll just set up a default project.
[info] 
[debug] [2025-07-05T18:07:12.008Z] Using project from CLI flag: lauriecrean-free-38256
[debug] [2025-07-05T18:07:12.009Z] Checked if tokens are valid: true, expires at: 1751742346536
[debug] [2025-07-05T18:07:12.009Z] Checked if tokens are valid: true, expires at: 1751742346536
[debug] [2025-07-05T18:07:12.010Z] >>> [apiv2][query] GET https://firebase.googleapis.com/v1beta1/projects/lauriecrean-free-38256 [none]
[debug] [2025-07-05T18:07:12.329Z] <<< [apiv2][status] GET https://firebase.googleapis.com/v1beta1/projects/lauriecrean-free-38256 404
[debug] [2025-07-05T18:07:12.329Z] <<< [apiv2][body] GET https://firebase.googleapis.com/v1beta1/projects/lauriecrean-free-38256 {"error":{"code":404,"message":"Requested entity was not found.","status":"NOT_FOUND"}}
[debug] [2025-07-05T18:07:12.330Z] Couldn't get project info from firedata for lauriecrean-free-38256, trying resource manager. Original error: FirebaseError: Request to https://firebase.googleapis.com/v1beta1/projects/lauriecrean-free-38256 had HTTP Error: 404, Requested entity was not found.
[debug] [2025-07-05T18:07:12.331Z] Checked if tokens are valid: true, expires at: 1751742346536
[debug] [2025-07-05T18:07:12.331Z] Checked if tokens are valid: true, expires at: 1751742346536
[debug] [2025-07-05T18:07:12.331Z] >>> [apiv2][query] GET https://cloudresourcemanager.googleapis.com/v1/projects/lauriecrean-free-38256 [none]
[debug] [2025-07-05T18:07:12.975Z] <<< [apiv2][status] GET https://cloudresourcemanager.googleapis.com/v1/projects/lauriecrean-free-38256 200
[debug] [2025-07-05T18:07:12.975Z] <<< [apiv2][body] GET https://cloudresourcemanager.googleapis.com/v1/projects/lauriecrean-free-38256 {"projectNumber":"329000596728","projectId":"lauriecrean-free-38256","lifecycleState":"ACTIVE","name":"Laurie Crean Portfolio","createTime":"2025-07-05T17:57:40.446269Z"}
[info] i  Using project lauriecrean-free-38256 
[info] 
=== Hosting Setup
[debug] [2025-07-05T18:07:12.982Z] Checked if tokens are valid: true, expires at: 1751742346536
[debug] [2025-07-05T18:07:12.982Z] Checked if tokens are valid: true, expires at: 1751742346536
[debug] [2025-07-05T18:07:12.983Z] >>> [apiv2][query] GET https://firebase.googleapis.com/v1beta1/projects/lauriecrean-free-38256 [none]
[debug] [2025-07-05T18:07:13.165Z] <<< [apiv2][status] GET https://firebase.googleapis.com/v1beta1/projects/lauriecrean-free-38256 404
[debug] [2025-07-05T18:07:13.165Z] <<< [apiv2][body] GET https://firebase.googleapis.com/v1beta1/projects/lauriecrean-free-38256 {"error":{"code":404,"message":"Requested entity was not found.","status":"NOT_FOUND"}}
[debug] [2025-07-05T18:07:13.166Z] Couldn't get project info from firedata for lauriecrean-free-38256, trying resource manager. Original error: FirebaseError: Request to https://firebase.googleapis.com/v1beta1/projects/lauriecrean-free-38256 had HTTP Error: 404, Requested entity was not found.
[debug] [2025-07-05T18:07:13.166Z] Checked if tokens are valid: true, expires at: 1751742346536
[debug] [2025-07-05T18:07:13.166Z] Checked if tokens are valid: true, expires at: 1751742346536
[debug] [2025-07-05T18:07:13.166Z] >>> [apiv2][query] GET https://cloudresourcemanager.googleapis.com/v1/projects/lauriecrean-free-38256 [none]
[debug] [2025-07-05T18:07:13.388Z] <<< [apiv2][status] GET https://cloudresourcemanager.googleapis.com/v1/projects/lauriecrean-free-38256 200
[debug] [2025-07-05T18:07:13.388Z] <<< [apiv2][body] GET https://cloudresourcemanager.googleapis.com/v1/projects/lauriecrean-free-38256 {"projectNumber":"329000596728","projectId":"lauriecrean-free-38256","lifecycleState":"ACTIVE","name":"Laurie Crean Portfolio","createTime":"2025-07-05T17:57:40.446269Z"}
[debug] [2025-07-05T18:07:13.388Z] the default site does not exist on the Firebase project; asking Hosting.
[debug] [2025-07-05T18:07:13.388Z] Checked if tokens are valid: true, expires at: 1751742346536
[debug] [2025-07-05T18:07:13.388Z] Checked if tokens are valid: true, expires at: 1751742346536
[debug] [2025-07-05T18:07:13.389Z] >>> [apiv2][query] GET https://firebasehosting.googleapis.com/v1beta1/projects/lauriecrean-free-38256/sites pageToken=&pageSize=10
[debug] [2025-07-05T18:07:14.409Z] <<< [apiv2][status] GET https://firebasehosting.googleapis.com/v1beta1/projects/lauriecrean-free-38256/sites 200
[debug] [2025-07-05T18:07:14.410Z] <<< [apiv2][body] GET https://firebasehosting.googleapis.com/v1beta1/projects/lauriecrean-free-38256/sites {}
[debug] [2025-07-05T18:07:18.591Z] Checked if tokens are valid: true, expires at: 1751742346536
[debug] [2025-07-05T18:07:18.591Z] Checked if tokens are valid: true, expires at: 1751742346536
[debug] [2025-07-05T18:07:18.591Z] >>> [apiv2][query] GET https://cloudresourcemanager.googleapis.com/v1/projects/lauriecrean-free-38256 [none]
[debug] [2025-07-05T18:07:19.272Z] <<< [apiv2][status] GET https://cloudresourcemanager.googleapis.com/v1/projects/lauriecrean-free-38256 200
[debug] [2025-07-05T18:07:19.273Z] <<< [apiv2][body] GET https://cloudresourcemanager.googleapis.com/v1/projects/lauriecrean-free-38256 {"projectNumber":"329000596728","projectId":"lauriecrean-free-38256","lifecycleState":"ACTIVE","name":"Laurie Crean Portfolio","createTime":"2025-07-05T17:57:40.446269Z"}
[debug] [2025-07-05T18:07:19.273Z] Checked if tokens are valid: true, expires at: 1751742346536
[debug] [2025-07-05T18:07:19.273Z] Checked if tokens are valid: true, expires at: 1751742346536
[debug] [2025-07-05T18:07:19.273Z] >>> [apiv2][query] POST https://firebasehosting.googleapis.com/v1beta1/projects/329000596728/sites siteId=lauriecrean-free-38256&validateOnly=true
[debug] [2025-07-05T18:07:19.273Z] >>> [apiv2][body] POST https://firebasehosting.googleapis.com/v1beta1/projects/329000596728/sites {"appId":""}
[debug] [2025-07-05T18:07:19.828Z] <<< [apiv2][status] POST https://firebasehosting.googleapis.com/v1beta1/projects/329000596728/sites 200
[debug] [2025-07-05T18:07:19.829Z] <<< [apiv2][body] POST https://firebasehosting.googleapis.com/v1beta1/projects/329000596728/sites {"name":"projects/329000596728/sites/lauriecrean-free-38256","defaultUrl":"https://lauriecrean-free-38256.web.app","type":"DEFAULT_SITE"}
[debug] [2025-07-05T18:07:34.343Z] Checked if tokens are valid: true, expires at: 1751742346536
[debug] [2025-07-05T18:07:34.343Z] Checked if tokens are valid: true, expires at: 1751742346536
[debug] [2025-07-05T18:07:34.343Z] >>> [apiv2][query] POST https://firebasehosting.googleapis.com/v1beta1/projects/329000596728/sites siteId=lauriecrean
[debug] [2025-07-05T18:07:34.343Z] >>> [apiv2][body] POST https://firebasehosting.googleapis.com/v1beta1/projects/329000596728/sites {"appId":""}
[debug] [2025-07-05T18:07:35.539Z] <<< [apiv2][status] POST https://firebasehosting.googleapis.com/v1beta1/projects/329000596728/sites 404
[debug] [2025-07-05T18:07:35.539Z] <<< [apiv2][body] POST https://firebasehosting.googleapis.com/v1beta1/projects/329000596728/sites {"error":{"code":404,"message":"Requested entity was not found.","status":"NOT_FOUND"}}
[warn] !  Request to https://firebasehosting.googleapis.com/v1beta1/projects/329000596728/sites?siteId=lauriecrean had HTTP Error: 404, Requested entity was not found. 
[debug] [2025-07-05T18:07:51.351Z] Checked if tokens are valid: true, expires at: 1751742346536
[debug] [2025-07-05T18:07:51.351Z] Checked if tokens are valid: true, expires at: 1751742346536
[debug] [2025-07-05T18:07:51.351Z] >>> [apiv2][query] POST https://firebasehosting.googleapis.com/v1beta1/projects/329000596728/sites siteId=lauriecrean-0507
[debug] [2025-07-05T18:07:51.351Z] >>> [apiv2][body] POST https://firebasehosting.googleapis.com/v1beta1/projects/329000596728/sites {"appId":""}
[debug] [2025-07-05T18:07:52.494Z] <<< [apiv2][status] POST https://firebasehosting.googleapis.com/v1beta1/projects/329000596728/sites 404
[debug] [2025-07-05T18:07:52.494Z] <<< [apiv2][body] POST https://firebasehosting.googleapis.com/v1beta1/projects/329000596728/sites {"error":{"code":404,"message":"Requested entity was not found.","status":"NOT_FOUND"}}
[warn] !  Request to https://firebasehosting.googleapis.com/v1beta1/projects/329000596728/sites?siteId=lauriecrean-0507 had HTTP Error: 404, Requested entity was not found. 
