[debug] [2025-07-05T18:08:35.401Z] ----------------------------------------------------------------------
[debug] [2025-07-05T18:08:35.404Z] Command:       C:\Program Files\nodejs\node.exe C:\Users\lmcre\AppData\Roaming\npm\node_modules\firebase-tools\lib\bin\firebase.js init hosting --project lauriecrean-free-38256
[debug] [2025-07-05T18:08:35.404Z] CLI Version:   14.9.0
[debug] [2025-07-05T18:08:35.404Z] Platform:      win32
[debug] [2025-07-05T18:08:35.404Z] Node Version:  v20.5.1
[debug] [2025-07-05T18:08:35.404Z] Time:          Sat Jul 05 2025 19:08:35 GMT+0100 (British Summer Time)
[debug] [2025-07-05T18:08:35.404Z] ----------------------------------------------------------------------
[debug] 
[debug] [2025-07-05T18:08:35.409Z] > command requires scopes: ["email","openid","https://www.googleapis.com/auth/cloudplatformprojects.readonly","https://www.googleapis.com/auth/firebase","https://www.googleapis.com/auth/cloud-platform"]
[debug] [2025-07-05T18:08:35.410Z] > authorizing via signed-in user (lmcrean@gmail.com)
[info] 
     ######## #### ########  ######## ########     ###     ######  ########
     ##        ##  ##     ## ##       ##     ##  ##   ##  ##       ##
     ######    ##  ########  ######   ########  #########  ######  ######
     ##        ##  ##    ##  ##       ##     ## ##     ##       ## ##
     ##       #### ##     ## ######## ########  ##     ##  ######  ########

You're about to initialize a Firebase project in this directory:

  C:\Projects\lauriecrean

Before we get started, keep in mind:

  * You are currently outside your home directory

[info] 
=== Project Setup
[info] 
[info] First, let's associate this project directory with a Firebase project.
[info] You can create multiple project aliases by running firebase use --add, 
[info] but for now we'll just set up a default project.
[info] 
[debug] [2025-07-05T18:08:42.348Z] Using project from CLI flag: lauriecrean-free-38256
[debug] [2025-07-05T18:08:42.349Z] Checked if tokens are valid: true, expires at: 1751742346536
[debug] [2025-07-05T18:08:42.349Z] Checked if tokens are valid: true, expires at: 1751742346536
[debug] [2025-07-05T18:08:42.351Z] >>> [apiv2][query] GET https://firebase.googleapis.com/v1beta1/projects/lauriecrean-free-38256 [none]
[debug] [2025-07-05T18:08:42.672Z] <<< [apiv2][status] GET https://firebase.googleapis.com/v1beta1/projects/lauriecrean-free-38256 404
[debug] [2025-07-05T18:08:42.672Z] <<< [apiv2][body] GET https://firebase.googleapis.com/v1beta1/projects/lauriecrean-free-38256 {"error":{"code":404,"message":"Requested entity was not found.","status":"NOT_FOUND"}}
[debug] [2025-07-05T18:08:42.672Z] Couldn't get project info from firedata for lauriecrean-free-38256, trying resource manager. Original error: FirebaseError: Request to https://firebase.googleapis.com/v1beta1/projects/lauriecrean-free-38256 had HTTP Error: 404, Requested entity was not found.
[debug] [2025-07-05T18:08:42.673Z] Checked if tokens are valid: true, expires at: 1751742346536
[debug] [2025-07-05T18:08:42.673Z] Checked if tokens are valid: true, expires at: 1751742346536
[debug] [2025-07-05T18:08:42.673Z] >>> [apiv2][query] GET https://cloudresourcemanager.googleapis.com/v1/projects/lauriecrean-free-38256 [none]
[debug] [2025-07-05T18:08:43.578Z] <<< [apiv2][status] GET https://cloudresourcemanager.googleapis.com/v1/projects/lauriecrean-free-38256 200
[debug] [2025-07-05T18:08:43.579Z] <<< [apiv2][body] GET https://cloudresourcemanager.googleapis.com/v1/projects/lauriecrean-free-38256 {"projectNumber":"329000596728","projectId":"lauriecrean-free-38256","lifecycleState":"ACTIVE","name":"Laurie Crean Portfolio","createTime":"2025-07-05T17:57:40.446269Z"}
[info] i  Using project lauriecrean-free-38256 
[info] 
=== Hosting Setup
[debug] [2025-07-05T18:08:43.587Z] Checked if tokens are valid: true, expires at: 1751742346536
[debug] [2025-07-05T18:08:43.588Z] Checked if tokens are valid: true, expires at: 1751742346536
[debug] [2025-07-05T18:08:43.588Z] >>> [apiv2][query] GET https://firebase.googleapis.com/v1beta1/projects/lauriecrean-free-38256 [none]
[debug] [2025-07-05T18:08:43.839Z] <<< [apiv2][status] GET https://firebase.googleapis.com/v1beta1/projects/lauriecrean-free-38256 404
[debug] [2025-07-05T18:08:43.839Z] <<< [apiv2][body] GET https://firebase.googleapis.com/v1beta1/projects/lauriecrean-free-38256 {"error":{"code":404,"message":"Requested entity was not found.","status":"NOT_FOUND"}}
[debug] [2025-07-05T18:08:43.839Z] Couldn't get project info from firedata for lauriecrean-free-38256, trying resource manager. Original error: FirebaseError: Request to https://firebase.googleapis.com/v1beta1/projects/lauriecrean-free-38256 had HTTP Error: 404, Requested entity was not found.
[debug] [2025-07-05T18:08:43.839Z] Checked if tokens are valid: true, expires at: 1751742346536
[debug] [2025-07-05T18:08:43.839Z] Checked if tokens are valid: true, expires at: 1751742346536
[debug] [2025-07-05T18:08:43.839Z] >>> [apiv2][query] GET https://cloudresourcemanager.googleapis.com/v1/projects/lauriecrean-free-38256 [none]
[debug] [2025-07-05T18:08:44.017Z] <<< [apiv2][status] GET https://cloudresourcemanager.googleapis.com/v1/projects/lauriecrean-free-38256 200
[debug] [2025-07-05T18:08:44.017Z] <<< [apiv2][body] GET https://cloudresourcemanager.googleapis.com/v1/projects/lauriecrean-free-38256 {"projectNumber":"329000596728","projectId":"lauriecrean-free-38256","lifecycleState":"ACTIVE","name":"Laurie Crean Portfolio","createTime":"2025-07-05T17:57:40.446269Z"}
[debug] [2025-07-05T18:08:44.017Z] the default site does not exist on the Firebase project; asking Hosting.
[debug] [2025-07-05T18:08:44.017Z] Checked if tokens are valid: true, expires at: 1751742346536
[debug] [2025-07-05T18:08:44.017Z] Checked if tokens are valid: true, expires at: 1751742346536
[debug] [2025-07-05T18:08:44.018Z] >>> [apiv2][query] GET https://firebasehosting.googleapis.com/v1beta1/projects/lauriecrean-free-38256/sites pageToken=&pageSize=10
[debug] [2025-07-05T18:08:45.027Z] <<< [apiv2][status] GET https://firebasehosting.googleapis.com/v1beta1/projects/lauriecrean-free-38256/sites 200
[debug] [2025-07-05T18:08:45.027Z] <<< [apiv2][body] GET https://firebasehosting.googleapis.com/v1beta1/projects/lauriecrean-free-38256/sites {}
[debug] [2025-07-05T18:08:47.898Z] ExitPromptError: User force closed the prompt with SIGINT
    at Interface.sigint (C:\Users\lmcre\AppData\Roaming\npm\node_modules\firebase-tools\node_modules\@inquirer\core\dist\commonjs\lib\create-prompt.js:101:37)
    at Interface.emit (node:events:514:28)
    at Interface.emit (node:domain:489:12)
    at [_ttyWrite] [as _ttyWrite] (node:internal/readline/interface:1125:18)
    at ReadStream.onkeypress (node:internal/readline/interface:264:20)
    at ReadStream.emit (node:events:526:35)
    at ReadStream.emit (node:domain:489:12)
    at emitKeys (node:internal/readline/utils:357:14)
    at emitKeys.next (<anonymous>)
    at ReadStream.onData (node:internal/readline/emitKeypressEvents:64:36)
[error] 
[error] Error: An unexpected error has occurred.
[debug] [2025-07-05T18:09:01.578Z] ----------------------------------------------------------------------
[debug] [2025-07-05T18:09:01.580Z] Command:       C:\Program Files\nodejs\node.exe C:\Users\lmcre\AppData\Roaming\npm\node_modules\firebase-tools\lib\bin\firebase.js init hosting --project lauriecrean-free-38256
[debug] [2025-07-05T18:09:01.581Z] CLI Version:   14.9.0
[debug] [2025-07-05T18:09:01.581Z] Platform:      win32
[debug] [2025-07-05T18:09:01.581Z] Node Version:  v20.5.1
[debug] [2025-07-05T18:09:01.581Z] Time:          Sat Jul 05 2025 19:09:01 GMT+0100 (British Summer Time)
[debug] [2025-07-05T18:09:01.581Z] ----------------------------------------------------------------------
[debug] 
[debug] [2025-07-05T18:09:01.586Z] > command requires scopes: ["email","openid","https://www.googleapis.com/auth/cloudplatformprojects.readonly","https://www.googleapis.com/auth/firebase","https://www.googleapis.com/auth/cloud-platform"]
[debug] [2025-07-05T18:09:01.586Z] > authorizing via signed-in user (lmcrean@gmail.com)
[info] 
     ######## #### ########  ######## ########     ###     ######  ########
     ##        ##  ##     ## ##       ##     ##  ##   ##  ##       ##
     ######    ##  ########  ######   ########  #########  ######  ######
     ##        ##  ##    ##  ##       ##     ## ##     ##       ## ##
     ##       #### ##     ## ######## ########  ##     ##  ######  ########

You're about to initialize a Firebase project in this directory:

  C:\Projects\lauriecrean

Before we get started, keep in mind:

  * You are currently outside your home directory

[info] 
=== Project Setup
[info] 
[info] First, let's associate this project directory with a Firebase project.
[info] You can create multiple project aliases by running firebase use --add, 
[info] but for now we'll just set up a default project.
[info] 
[debug] [2025-07-05T18:09:04.526Z] Using project from CLI flag: lauriecrean-free-38256
[debug] [2025-07-05T18:09:04.528Z] Checked if tokens are valid: true, expires at: 1751742346536
[debug] [2025-07-05T18:09:04.528Z] Checked if tokens are valid: true, expires at: 1751742346536
[debug] [2025-07-05T18:09:04.529Z] >>> [apiv2][query] GET https://firebase.googleapis.com/v1beta1/projects/lauriecrean-free-38256 [none]
[debug] [2025-07-05T18:09:04.809Z] <<< [apiv2][status] GET https://firebase.googleapis.com/v1beta1/projects/lauriecrean-free-38256 404
[debug] [2025-07-05T18:09:04.809Z] <<< [apiv2][body] GET https://firebase.googleapis.com/v1beta1/projects/lauriecrean-free-38256 {"error":{"code":404,"message":"Requested entity was not found.","status":"NOT_FOUND"}}
[debug] [2025-07-05T18:09:04.810Z] Couldn't get project info from firedata for lauriecrean-free-38256, trying resource manager. Original error: FirebaseError: Request to https://firebase.googleapis.com/v1beta1/projects/lauriecrean-free-38256 had HTTP Error: 404, Requested entity was not found.
[debug] [2025-07-05T18:09:04.811Z] Checked if tokens are valid: true, expires at: 1751742346536
[debug] [2025-07-05T18:09:04.811Z] Checked if tokens are valid: true, expires at: 1751742346536
[debug] [2025-07-05T18:09:04.811Z] >>> [apiv2][query] GET https://cloudresourcemanager.googleapis.com/v1/projects/lauriecrean-free-38256 [none]
[debug] [2025-07-05T18:09:05.443Z] <<< [apiv2][status] GET https://cloudresourcemanager.googleapis.com/v1/projects/lauriecrean-free-38256 200
[debug] [2025-07-05T18:09:05.443Z] <<< [apiv2][body] GET https://cloudresourcemanager.googleapis.com/v1/projects/lauriecrean-free-38256 {"projectNumber":"329000596728","projectId":"lauriecrean-free-38256","lifecycleState":"ACTIVE","name":"Laurie Crean Portfolio","createTime":"2025-07-05T17:57:40.446269Z"}
[info] i  Using project lauriecrean-free-38256 
[info] 
=== Hosting Setup
[debug] [2025-07-05T18:09:05.450Z] Checked if tokens are valid: true, expires at: 1751742346536
[debug] [2025-07-05T18:09:05.450Z] Checked if tokens are valid: true, expires at: 1751742346536
[debug] [2025-07-05T18:09:05.451Z] >>> [apiv2][query] GET https://firebase.googleapis.com/v1beta1/projects/lauriecrean-free-38256 [none]
[debug] [2025-07-05T18:09:05.692Z] <<< [apiv2][status] GET https://firebase.googleapis.com/v1beta1/projects/lauriecrean-free-38256 404
[debug] [2025-07-05T18:09:05.692Z] <<< [apiv2][body] GET https://firebase.googleapis.com/v1beta1/projects/lauriecrean-free-38256 {"error":{"code":404,"message":"Requested entity was not found.","status":"NOT_FOUND"}}
[debug] [2025-07-05T18:09:05.692Z] Couldn't get project info from firedata for lauriecrean-free-38256, trying resource manager. Original error: FirebaseError: Request to https://firebase.googleapis.com/v1beta1/projects/lauriecrean-free-38256 had HTTP Error: 404, Requested entity was not found.
[debug] [2025-07-05T18:09:05.693Z] Checked if tokens are valid: true, expires at: 1751742346536
[debug] [2025-07-05T18:09:05.693Z] Checked if tokens are valid: true, expires at: 1751742346536
[debug] [2025-07-05T18:09:05.693Z] >>> [apiv2][query] GET https://cloudresourcemanager.googleapis.com/v1/projects/lauriecrean-free-38256 [none]
[debug] [2025-07-05T18:09:05.872Z] <<< [apiv2][status] GET https://cloudresourcemanager.googleapis.com/v1/projects/lauriecrean-free-38256 200
[debug] [2025-07-05T18:09:05.872Z] <<< [apiv2][body] GET https://cloudresourcemanager.googleapis.com/v1/projects/lauriecrean-free-38256 {"projectNumber":"329000596728","projectId":"lauriecrean-free-38256","lifecycleState":"ACTIVE","name":"Laurie Crean Portfolio","createTime":"2025-07-05T17:57:40.446269Z"}
[debug] [2025-07-05T18:09:05.872Z] the default site does not exist on the Firebase project; asking Hosting.
[debug] [2025-07-05T18:09:05.872Z] Checked if tokens are valid: true, expires at: 1751742346536
[debug] [2025-07-05T18:09:05.872Z] Checked if tokens are valid: true, expires at: 1751742346536
[debug] [2025-07-05T18:09:05.873Z] >>> [apiv2][query] GET https://firebasehosting.googleapis.com/v1beta1/projects/lauriecrean-free-38256/sites pageToken=&pageSize=10
[debug] [2025-07-05T18:09:06.786Z] <<< [apiv2][status] GET https://firebasehosting.googleapis.com/v1beta1/projects/lauriecrean-free-38256/sites 200
[debug] [2025-07-05T18:09:06.786Z] <<< [apiv2][body] GET https://firebasehosting.googleapis.com/v1beta1/projects/lauriecrean-free-38256/sites {}
[debug] [2025-07-05T18:09:55.218Z] Checked if tokens are valid: true, expires at: 1751742346536
[debug] [2025-07-05T18:09:55.218Z] Checked if tokens are valid: true, expires at: 1751742346536
[debug] [2025-07-05T18:09:55.219Z] >>> [apiv2][query] GET https://cloudresourcemanager.googleapis.com/v1/projects/lauriecrean-free-38256 [none]
[debug] [2025-07-05T18:09:55.848Z] <<< [apiv2][status] GET https://cloudresourcemanager.googleapis.com/v1/projects/lauriecrean-free-38256 200
[debug] [2025-07-05T18:09:55.848Z] <<< [apiv2][body] GET https://cloudresourcemanager.googleapis.com/v1/projects/lauriecrean-free-38256 {"projectNumber":"329000596728","projectId":"lauriecrean-free-38256","lifecycleState":"ACTIVE","name":"Laurie Crean Portfolio","createTime":"2025-07-05T17:57:40.446269Z"}
[debug] [2025-07-05T18:09:55.848Z] Checked if tokens are valid: true, expires at: 1751742346536
[debug] [2025-07-05T18:09:55.848Z] Checked if tokens are valid: true, expires at: 1751742346536
[debug] [2025-07-05T18:09:55.848Z] >>> [apiv2][query] POST https://firebasehosting.googleapis.com/v1beta1/projects/329000596728/sites siteId=lauriecrean-free-38256&validateOnly=true
[debug] [2025-07-05T18:09:55.849Z] >>> [apiv2][body] POST https://firebasehosting.googleapis.com/v1beta1/projects/329000596728/sites {"appId":""}
[debug] [2025-07-05T18:09:56.920Z] <<< [apiv2][status] POST https://firebasehosting.googleapis.com/v1beta1/projects/329000596728/sites 200
[debug] [2025-07-05T18:09:56.920Z] <<< [apiv2][body] POST https://firebasehosting.googleapis.com/v1beta1/projects/329000596728/sites {"name":"projects/329000596728/sites/lauriecrean-free-38256","defaultUrl":"https://lauriecrean-free-38256.web.app","type":"DEFAULT_SITE"}
[debug] [2025-07-05T18:09:59.068Z] Checked if tokens are valid: true, expires at: 1751742346536
[debug] [2025-07-05T18:09:59.068Z] Checked if tokens are valid: true, expires at: 1751742346536
[debug] [2025-07-05T18:09:59.068Z] >>> [apiv2][query] POST https://firebasehosting.googleapis.com/v1beta1/projects/329000596728/sites siteId=lauriecrean-free-38256
[debug] [2025-07-05T18:09:59.069Z] >>> [apiv2][body] POST https://firebasehosting.googleapis.com/v1beta1/projects/329000596728/sites {"appId":""}
[debug] [2025-07-05T18:09:59.610Z] <<< [apiv2][status] POST https://firebasehosting.googleapis.com/v1beta1/projects/329000596728/sites 404
[debug] [2025-07-05T18:09:59.611Z] <<< [apiv2][body] POST https://firebasehosting.googleapis.com/v1beta1/projects/329000596728/sites {"error":{"code":404,"message":"Requested entity was not found.","status":"NOT_FOUND"}}
[warn] !  Request to https://firebasehosting.googleapis.com/v1beta1/projects/329000596728/sites?siteId=lauriecrean-free-38256 had HTTP Error: 404, Requested entity was not found. 
[debug] [2025-07-05T18:10:16.571Z] Checked if tokens are valid: true, expires at: 1751742346536
[debug] [2025-07-05T18:10:16.571Z] Checked if tokens are valid: true, expires at: 1751742346536
[debug] [2025-07-05T18:10:16.571Z] >>> [apiv2][query] POST https://firebasehosting.googleapis.com/v1beta1/projects/329000596728/sites siteId=lauriecrean-free-38256
[debug] [2025-07-05T18:10:16.571Z] >>> [apiv2][body] POST https://firebasehosting.googleapis.com/v1beta1/projects/329000596728/sites {"appId":""}
[debug] [2025-07-05T18:10:17.592Z] <<< [apiv2][status] POST https://firebasehosting.googleapis.com/v1beta1/projects/329000596728/sites 404
[debug] [2025-07-05T18:10:17.593Z] <<< [apiv2][body] POST https://firebasehosting.googleapis.com/v1beta1/projects/329000596728/sites {"error":{"code":404,"message":"Requested entity was not found.","status":"NOT_FOUND"}}
[warn] !  Request to https://firebasehosting.googleapis.com/v1beta1/projects/329000596728/sites?siteId=lauriecrean-free-38256 had HTTP Error: 404, Requested entity was not found. 
[debug] [2025-07-05T18:10:20.817Z] Checked if tokens are valid: true, expires at: 1751742346536
[debug] [2025-07-05T18:10:20.817Z] Checked if tokens are valid: true, expires at: 1751742346536
[debug] [2025-07-05T18:10:20.817Z] >>> [apiv2][query] POST https://firebasehosting.googleapis.com/v1beta1/projects/329000596728/sites siteId=lauriecrean-free-38256
[debug] [2025-07-05T18:10:20.817Z] >>> [apiv2][body] POST https://firebasehosting.googleapis.com/v1beta1/projects/329000596728/sites {"appId":""}
[debug] [2025-07-05T18:10:21.362Z] <<< [apiv2][status] POST https://firebasehosting.googleapis.com/v1beta1/projects/329000596728/sites 404
[debug] [2025-07-05T18:10:21.362Z] <<< [apiv2][body] POST https://firebasehosting.googleapis.com/v1beta1/projects/329000596728/sites {"error":{"code":404,"message":"Requested entity was not found.","status":"NOT_FOUND"}}
[warn] !  Request to https://firebasehosting.googleapis.com/v1beta1/projects/329000596728/sites?siteId=lauriecrean-free-38256 had HTTP Error: 404, Requested entity was not found. 
[debug] [2025-07-05T18:11:25.507Z] Checked if tokens are valid: true, expires at: 1751742346536
[debug] [2025-07-05T18:11:25.507Z] Checked if tokens are valid: true, expires at: 1751742346536
[debug] [2025-07-05T18:11:25.507Z] >>> [apiv2][query] POST https://firebasehosting.googleapis.com/v1beta1/projects/329000596728/sites siteId=lauriecrean-portfolio-free
[debug] [2025-07-05T18:11:25.508Z] >>> [apiv2][body] POST https://firebasehosting.googleapis.com/v1beta1/projects/329000596728/sites {"appId":""}
[debug] [2025-07-05T18:11:26.619Z] <<< [apiv2][status] POST https://firebasehosting.googleapis.com/v1beta1/projects/329000596728/sites 404
[debug] [2025-07-05T18:11:26.619Z] <<< [apiv2][body] POST https://firebasehosting.googleapis.com/v1beta1/projects/329000596728/sites {"error":{"code":404,"message":"Requested entity was not found.","status":"NOT_FOUND"}}
[warn] !  Request to https://firebasehosting.googleapis.com/v1beta1/projects/329000596728/sites?siteId=lauriecrean-portfolio-free had HTTP Error: 404, Requested entity was not found. 
[debug] [2025-07-05T18:11:33.926Z] Checked if tokens are valid: true, expires at: 1751742346536
[debug] [2025-07-05T18:11:33.927Z] Checked if tokens are valid: true, expires at: 1751742346536
[debug] [2025-07-05T18:11:33.927Z] >>> [apiv2][query] POST https://firebasehosting.googleapis.com/v1beta1/projects/329000596728/sites siteId=lauriecrean-dev-site
[debug] [2025-07-05T18:11:33.927Z] >>> [apiv2][body] POST https://firebasehosting.googleapis.com/v1beta1/projects/329000596728/sites {"appId":""}
[debug] [2025-07-05T18:11:34.728Z] <<< [apiv2][status] POST https://firebasehosting.googleapis.com/v1beta1/projects/329000596728/sites 404
[debug] [2025-07-05T18:11:34.728Z] <<< [apiv2][body] POST https://firebasehosting.googleapis.com/v1beta1/projects/329000596728/sites {"error":{"code":404,"message":"Requested entity was not found.","status":"NOT_FOUND"}}
[warn] !  Request to https://firebasehosting.googleapis.com/v1beta1/projects/329000596728/sites?siteId=lauriecrean-dev-site had HTTP Error: 404, Requested entity was not found. 
[debug] [2025-07-05T18:11:38.933Z] Checked if tokens are valid: true, expires at: 1751742346536
[debug] [2025-07-05T18:11:38.933Z] Checked if tokens are valid: true, expires at: 1751742346536
[debug] [2025-07-05T18:11:38.933Z] >>> [apiv2][query] POST https://firebasehosting.googleapis.com/v1beta1/projects/329000596728/sites siteId=lmcrean-portfolio-2025
[debug] [2025-07-05T18:11:38.933Z] >>> [apiv2][body] POST https://firebasehosting.googleapis.com/v1beta1/projects/329000596728/sites {"appId":""}
[debug] [2025-07-05T18:11:39.188Z] <<< [apiv2][status] POST https://firebasehosting.googleapis.com/v1beta1/projects/329000596728/sites 404
[debug] [2025-07-05T18:11:39.189Z] <<< [apiv2][body] POST https://firebasehosting.googleapis.com/v1beta1/projects/329000596728/sites {"error":{"code":404,"message":"Requested entity was not found.","status":"NOT_FOUND"}}
[warn] !  Request to https://firebasehosting.googleapis.com/v1beta1/projects/329000596728/sites?siteId=lmcrean-portfolio-2025 had HTTP Error: 404, Requested entity was not found. 
[debug] [2025-07-05T18:12:01.006Z] ExitPromptError: User force closed the prompt with SIGINT
    at Interface.sigint (C:\Users\lmcre\AppData\Roaming\npm\node_modules\firebase-tools\node_modules\@inquirer\core\dist\commonjs\lib\create-prompt.js:101:37)
    at Interface.emit (node:events:514:28)
    at Interface.emit (node:domain:489:12)
    at [_ttyWrite] [as _ttyWrite] (node:internal/readline/interface:1125:18)
    at ReadStream.onkeypress (node:internal/readline/interface:264:20)
    at ReadStream.emit (node:events:526:35)
    at ReadStream.emit (node:domain:489:12)
    at emitKeys (node:internal/readline/utils:357:14)
    at emitKeys.next (<anonymous>)
    at ReadStream.onData (node:internal/readline/emitKeypressEvents:64:36)
[error] 
[error] Error: An unexpected error has occurred.
[debug] [2025-07-05T18:12:31.287Z] ----------------------------------------------------------------------
[debug] [2025-07-05T18:12:31.289Z] Command:       C:\Program Files\nodejs\node.exe C:\Users\lmcre\AppData\Roaming\npm\node_modules\firebase-tools\lib\bin\firebase.js projects:addfirebase lauriecrean-free-38256
[debug] [2025-07-05T18:12:31.289Z] CLI Version:   14.9.0
[debug] [2025-07-05T18:12:31.289Z] Platform:      win32
[debug] [2025-07-05T18:12:31.289Z] Node Version:  v20.5.1
[debug] [2025-07-05T18:12:31.289Z] Time:          Sat Jul 05 2025 19:12:31 GMT+0100 (British Summer Time)
[debug] [2025-07-05T18:12:31.290Z] ----------------------------------------------------------------------
[debug] 
[debug] [2025-07-05T18:12:31.294Z] > command requires scopes: ["email","openid","https://www.googleapis.com/auth/cloudplatformprojects.readonly","https://www.googleapis.com/auth/firebase","https://www.googleapis.com/auth/cloud-platform"]
[debug] [2025-07-05T18:12:31.294Z] > authorizing via signed-in user (lmcrean@gmail.com)
[debug] [2025-07-05T18:12:31.298Z] Checked if tokens are valid: true, expires at: 1751742346536
[debug] [2025-07-05T18:12:31.298Z] Checked if tokens are valid: true, expires at: 1751742346536
[debug] [2025-07-05T18:12:31.299Z] >>> [apiv2][query] POST https://firebase.googleapis.com/v1beta1/projects/lauriecrean-free-38256:addFirebase [none]
[debug] [2025-07-05T18:12:31.747Z] <<< [apiv2][status] POST https://firebase.googleapis.com/v1beta1/projects/lauriecrean-free-38256:addFirebase 403
[debug] [2025-07-05T18:12:31.748Z] <<< [apiv2][body] POST https://firebase.googleapis.com/v1beta1/projects/lauriecrean-free-38256:addFirebase {"error":{"code":403,"message":"The caller does not have permission","status":"PERMISSION_DENIED"}}
[debug] [2025-07-05T18:12:31.748Z] Request to https://firebase.googleapis.com/v1beta1/projects/lauriecrean-free-38256:addFirebase had HTTP Error: 403, The caller does not have permission
[debug] [2025-07-05T18:12:31.833Z] FirebaseError: Request to https://firebase.googleapis.com/v1beta1/projects/lauriecrean-free-38256:addFirebase had HTTP Error: 403, The caller does not have permission
    at responseToError (C:\Users\lmcre\AppData\Roaming\npm\node_modules\firebase-tools\lib\responseToError.js:52:12)
    at RetryOperation._fn (C:\Users\lmcre\AppData\Roaming\npm\node_modules\firebase-tools\lib\apiv2.js:312:77)
    at process.processTicksAndRejections (node:internal/process/task_queues:95:5)
[error] 
[error] Error: Failed to add Firebase to Google Cloud Platform project. See firebase-debug.log for more info.
